Linux 5.15.0-86-generic (valenbia-Z370-HD3) 	10/10/25 	_x86_64_	(6 CPU)

# Time        UID      TGID       TID    %usr %system  %guest   %wait    %CPU   CPU  minflt/s  majflt/s     VSZ     RSS   %MEM   kB_rd/s   kB_wr/s kB_ccwr/s iodelay  Command
13:57:43     1000     42590         -   45,54    5,94    0,00    0,00   51,49     5  19449,50      0,00  137824   54104   0,33      0,00     67,33      3,96       0  ansible-playboo
13:57:43     1000         -     42590   45,54    5,94    0,00    0,00   51,49     5  19433,66      0,00  137824   54104   0,33      0,00     67,33      3,96       0  |__ansible-playboo
13:57:43     1000         -     42595    0,00    0,00    0,00    0,00    0,00     0      8,91      0,00  137824   54104   0,33      0,00      0,00      0,00       0  |__ansible-playboo

# Time        UID      TGID       TID    %usr %system  %guest   %wait    %CPU   CPU  minflt/s  majflt/s     VSZ     RSS   %MEM   kB_rd/s   kB_wr/s kB_ccwr/s iodelay  Command
13:57:44     1000     42590         -   20,00    2,00    0,00    0,00   22,00     5   3970,00      0,00  137824   54128   0,33      0,00      0,00      0,00       0  ansible-playboo
13:57:44     1000         -     42590   20,00    2,00    0,00    0,00   22,00     5   3970,00      0,00  137824   54128   0,33      0,00      0,00      0,00       0  |__ansible-playboo
13:57:44     1000         -     42595    0,00    0,00    0,00    0,00    0,00     0      0,00      0,00  137824   54128   0,33      0,00      0,00      0,00       0  |__ansible-playboo

# Time        UID      TGID       TID    %usr %system  %guest   %wait    %CPU   CPU  minflt/s  majflt/s     VSZ     RSS   %MEM   kB_rd/s   kB_wr/s kB_ccwr/s iodelay  Command
13:57:45     1000     42590         -   12,00    4,00    0,00    0,00   16,00     2      1,00      0,00  137824   54128   0,33      0,00      0,00      0,00       0  ansible-playboo
13:57:45     1000         -     42590   12,00    4,00    0,00    0,00   16,00     2      1,00      0,00  137824   54128   0,33      0,00      0,00      0,00       0  |__ansible-playboo
13:57:45     1000         -     42595    0,00    0,00    0,00    0,00    0,00     0      0,00      0,00  137824   54128   0,33      0,00      0,00      0,00       0  |__ansible-playboo

# Time        UID      TGID       TID    %usr %system  %guest   %wait    %CPU   CPU  minflt/s  majflt/s     VSZ     RSS   %MEM   kB_rd/s   kB_wr/s kB_ccwr/s iodelay  Command
13:57:46     1000     42590         -   13,00    2,00    0,00    3,00   15,00     3   2576,00      0,00  137992   54208   0,33      0,00    664,00    444,00       0  ansible-playboo
13:57:46     1000         -     42590   13,00    2,00    0,00    3,00   15,00     3   2276,00      0,00  137992   54208   0,33      0,00      0,00      0,00       0  |__ansible-playboo
13:57:46     1000         -     42595    0,00    0,00    0,00    0,00    0,00     4    300,00      0,00  137992   54208   0,33      0,00      0,00      0,00       0  |__ansible-playboo

# Time        UID      TGID       TID    %usr %system  %guest   %wait    %CPU   CPU  minflt/s  majflt/s     VSZ     RSS   %MEM   kB_rd/s   kB_wr/s kB_ccwr/s iodelay  Command
13:57:47     1000     42590         -   11,00    1,00    0,00    0,00   12,00     0     70,00      0,00  137992   54256   0,33      0,00      0,00      0,00       0  ansible-playboo
13:57:47     1000         -     42590   11,00    1,00    0,00    0,00   12,00     0     70,00      0,00  137992   54256   0,33      0,00      0,00      0,00       0  |__ansible-playboo
13:57:47     1000         -     42595    0,00    0,00    0,00    0,00    0,00     4      0,00      0,00  137992   54256   0,33      0,00      0,00      0,00       0  |__ansible-playboo

# Time        UID      TGID       TID    %usr %system  %guest   %wait    %CPU   CPU  minflt/s  majflt/s     VSZ     RSS   %MEM   kB_rd/s   kB_wr/s kB_ccwr/s iodelay  Command
13:57:48     1000     42590         -    8,00    7,00    0,00    0,00   15,00     2      5,00      0,00  137992   54256   0,33      0,00      0,00      0,00       0  ansible-playboo
13:57:48     1000         -     42590    8,00    7,00    0,00    0,00   15,00     2      5,00      0,00  137992   54256   0,33      0,00      0,00      0,00       0  |__ansible-playboo
13:57:48     1000         -     42595    0,00    0,00    0,00    0,00    0,00     4      0,00      0,00  137992   54256   0,33      0,00      0,00      0,00       0  |__ansible-playboo

# Time        UID      TGID       TID    %usr %system  %guest   %wait    %CPU   CPU  minflt/s  majflt/s     VSZ     RSS   %MEM   kB_rd/s   kB_wr/s kB_ccwr/s iodelay  Command
13:57:49     1000     42590         -   17,00    2,00    0,00    1,00   19,00     4      9,00      0,00  137992   54256   0,33      0,00      0,00      0,00       0  ansible-playboo
13:57:49     1000         -     42590   17,00    2,00    0,00    1,00   19,00     4      9,00      0,00  137992   54256   0,33      0,00      0,00      0,00       0  |__ansible-playboo
13:57:49     1000         -     42595    0,00    0,00    0,00    0,00    0,00     4      0,00      0,00  137992   54256   0,33      0,00      0,00      0,00       0  |__ansible-playboo

# Time        UID      TGID       TID    %usr %system  %guest   %wait    %CPU   CPU  minflt/s  majflt/s     VSZ     RSS   %MEM   kB_rd/s   kB_wr/s kB_ccwr/s iodelay  Command
13:57:50     1000     42590         -   16,00    1,00    0,00    0,00   17,00     5      2,00      0,00  137992   54280   0,33      0,00      0,00      0,00       0  ansible-playboo
13:57:50     1000         -     42590   16,00    1,00    0,00    0,00   17,00     5      2,00      0,00  137992   54280   0,33      0,00      0,00      0,00       0  |__ansible-playboo
13:57:50     1000         -     42595    0,00    0,00    0,00    0,00    0,00     4      0,00      0,00  137992   54280   0,33      0,00      0,00      0,00       0  |__ansible-playboo

# Time        UID      TGID       TID    %usr %system  %guest   %wait    %CPU   CPU  minflt/s  majflt/s     VSZ     RSS   %MEM   kB_rd/s   kB_wr/s kB_ccwr/s iodelay  Command
13:57:51     1000     42590         -   15,00    2,00    0,00    0,00   17,00     1      4,00      0,00  137992   54280   0,33      0,00      0,00      0,00       0  ansible-playboo
13:57:51     1000         -     42590   15,00    2,00    0,00    0,00   17,00     1      4,00      0,00  137992   54280   0,33      0,00      0,00      0,00       0  |__ansible-playboo
13:57:51     1000         -     42595    0,00    0,00    0,00    0,00    0,00     4      0,00      0,00  137992   54280   0,33      0,00      0,00      0,00       0  |__ansible-playboo

# Time        UID      TGID       TID    %usr %system  %guest   %wait    %CPU   CPU  minflt/s  majflt/s     VSZ     RSS   %MEM   kB_rd/s   kB_wr/s kB_ccwr/s iodelay  Command
13:57:52     1000     42590         -   14,00    3,00    0,00    1,00   17,00     5      3,00      0,00  137992   54280   0,33      0,00      0,00      0,00       0  ansible-playboo
13:57:52     1000         -     42590   14,00    3,00    0,00    1,00   17,00     5      3,00      0,00  137992   54280   0,33      0,00      0,00      0,00       0  |__ansible-playboo
13:57:52     1000         -     42595    0,00    0,00    0,00    0,00    0,00     4      0,00      0,00  137992   54280   0,33      0,00      0,00      0,00       0  |__ansible-playboo

# Time        UID      TGID       TID    %usr %system  %guest   %wait    %CPU   CPU  minflt/s  majflt/s     VSZ     RSS   %MEM   kB_rd/s   kB_wr/s kB_ccwr/s iodelay  Command
13:57:53     1000     42590         -   15,00    2,00    0,00    0,00   17,00     4      7,00      0,00  137992   54280   0,33      0,00      0,00      0,00       0  ansible-playboo
13:57:53     1000         -     42590   15,00    2,00    0,00    0,00   17,00     4      7,00      0,00  137992   54280   0,33      0,00      0,00      0,00       0  |__ansible-playboo
13:57:53     1000         -     42595    0,00    0,00    0,00    0,00    0,00     4      0,00      0,00  137992   54280   0,33      0,00      0,00      0,00       0  |__ansible-playboo

# Time        UID      TGID       TID    %usr %system  %guest   %wait    %CPU   CPU  minflt/s  majflt/s     VSZ     RSS   %MEM   kB_rd/s   kB_wr/s kB_ccwr/s iodelay  Command
13:57:54     1000     42590         -   10,00    2,00    0,00    1,00   12,00     1   3124,00      0,00  137996   54376   0,33      0,00    680,00    504,00       0  ansible-playboo
13:57:54     1000         -     42590   10,00    2,00    0,00    1,00   12,00     1   2686,00      0,00  137996   54376   0,33      0,00      0,00      0,00       0  |__ansible-playboo
13:57:54     1000         -     42595    0,00    0,00    0,00    0,00    0,00     2    438,00      0,00  137996   54376   0,33      0,00      0,00      0,00       0  |__ansible-playboo

# Time        UID      TGID       TID    %usr %system  %guest   %wait    %CPU   CPU  minflt/s  majflt/s     VSZ     RSS   %MEM   kB_rd/s   kB_wr/s kB_ccwr/s iodelay  Command
13:57:55     1000     42590         -   10,00    2,00    0,00    1,00   12,00     0   3184,00      0,00  138256   54500   0,33      0,00    596,00    440,00       0  ansible-playboo
13:57:55     1000         -     42590   10,00    2,00    0,00    1,00   12,00     0   2740,00      0,00  138256   54500   0,33      0,00      0,00      0,00       0  |__ansible-playboo
13:57:55     1000         -     42595    0,00    0,00    0,00    0,00    0,00     4    444,00      0,00  138256   54500   0,33      0,00      0,00      0,00       0  |__ansible-playboo

# Time        UID      TGID       TID    %usr %system  %guest   %wait    %CPU   CPU  minflt/s  majflt/s     VSZ     RSS   %MEM   kB_rd/s   kB_wr/s kB_ccwr/s iodelay  Command
13:57:56     1000     42590         -   15,00    1,00    0,00    1,00   16,00     4      7,00      0,00  138256   54500   0,33      0,00      0,00      0,00       0  ansible-playboo
13:57:56     1000         -     42590   15,00    1,00    0,00    1,00   16,00     4      7,00      0,00  138256   54500   0,33      0,00      0,00      0,00       0  |__ansible-playboo
13:57:56     1000         -     42595    0,00    0,00    0,00    0,00    0,00     4      0,00      0,00  138256   54500   0,33      0,00      0,00      0,00       0  |__ansible-playboo

# Time        UID      TGID       TID    %usr %system  %guest   %wait    %CPU   CPU  minflt/s  majflt/s     VSZ     RSS   %MEM   kB_rd/s   kB_wr/s kB_ccwr/s iodelay  Command
13:57:57     1000     42590         -   17,00    2,00    0,00    0,00   19,00     5      6,00      0,00  138256   54500   0,33      0,00      0,00      0,00       0  ansible-playboo
13:57:57     1000         -     42590   16,00    2,00    0,00    0,00   18,00     5      6,00      0,00  138256   54500   0,33      0,00      0,00      0,00       0  |__ansible-playboo
13:57:57     1000         -     42595    0,00    0,00    0,00    0,00    0,00     4      0,00      0,00  138256   54500   0,33      0,00      0,00      0,00       0  |__ansible-playboo

# Time        UID      TGID       TID    %usr %system  %guest   %wait    %CPU   CPU  minflt/s  majflt/s     VSZ     RSS   %MEM   kB_rd/s   kB_wr/s kB_ccwr/s iodelay  Command
13:57:58     1000     42590         -   16,00    1,00    0,00    0,00   17,00     2      3,00      0,00  138256   54500   0,33      0,00      0,00      0,00       0  ansible-playboo
13:57:58     1000         -     42590   17,00    1,00    0,00    0,00   18,00     2      3,00      0,00  138256   54500   0,33      0,00      0,00      0,00       0  |__ansible-playboo
13:57:58     1000         -     42595    0,00    0,00    0,00    0,00    0,00     4      0,00      0,00  138256   54500   0,33      0,00      0,00      0,00       0  |__ansible-playboo

# Time        UID      TGID       TID    %usr %system  %guest   %wait    %CPU   CPU  minflt/s  majflt/s     VSZ     RSS   %MEM   kB_rd/s   kB_wr/s kB_ccwr/s iodelay  Command
13:57:59     1000     42590         -   16,00    2,00    0,00    0,00   18,00     1      1,00      0,00  138256   54500   0,33      0,00      0,00      0,00       0  ansible-playboo
13:57:59     1000         -     42590   16,00    2,00    0,00    0,00   18,00     1      1,00      0,00  138256   54500   0,33      0,00      0,00      0,00       0  |__ansible-playboo
13:57:59     1000         -     42595    0,00    0,00    0,00    0,00    0,00     4      0,00      0,00  138256   54500   0,33      0,00      0,00      0,00       0  |__ansible-playboo

# Time        UID      TGID       TID    %usr %system  %guest   %wait    %CPU   CPU  minflt/s  majflt/s     VSZ     RSS   %MEM   kB_rd/s   kB_wr/s kB_ccwr/s iodelay  Command
13:58:00     1000     42590         -   17,00    1,00    0,00    2,00   18,00     0   7853,00      0,00  212220   55112   0,34      0,00    672,00   1160,00       0  ansible-playboo
13:58:00     1000         -     42590   17,00    1,00    0,00    2,00   18,00     0   7305,00      0,00  212220   55112   0,34      0,00      0,00    664,00       0  |__ansible-playboo
